2023-12-24 22:37:37 DEBUG UpdateProducerImpl:20 - hello in thousand time
2023-12-24 22:39:05 DEBUG UpdateProducerImpl:20 - hi there
2023-12-24 22:42:05 DEBUG UpdateProducerImpl:20 - 111
2023-12-24 22:48:40 DEBUG UpdateProducerImpl:20 - 333
2023-12-24 22:52:41 DEBUG UpdateProducerImpl:20 - 
2023-12-24 22:58:43 DEBUG UpdateProducerImpl:20 - 001
2023-12-24 23:05:58 DEBUG UpdateProducerImpl:20 - 002
2023-12-24 23:19:21 DEBUG UpdateProducerImpl:20 - 003
2023-12-24 23:24:32 DEBUG UpdateProducerImpl:20 - 004
2023-12-24 23:26:19 DEBUG UpdateProducerImpl:20 - 005
2023-12-24 23:33:39 DEBUG UpdateProducerImpl:20 - 006
2023-12-24 23:36:17 DEBUG UpdateProducerImpl:20 - 007
2023-12-24 23:53:57 DEBUG UpdateProducerImpl:20 - 008
2023-12-24 23:58:55 DEBUG UpdateProducerImpl:20 - 009
2023-12-25 00:15:04 DEBUG UpdateProducerImpl:20 - 010
2024-01-02 23:03:21 DEBUG UpdateProducerImpl:20 - hi
2024-01-02 23:04:25 DEBUG UpdateProducerImpl:20 - hi hi
2024-01-02 23:05:41 DEBUG UpdateProducerImpl:20 - hi 3
2024-01-02 23:07:23 DEBUG UpdateProducerImpl:20 - cutie
2024-01-05 14:51:14 DEBUG UpdateProducerImpl:20 - hi mate
2024-01-24 18:42:43 DEBUG UpdateProducerImpl:20 - hi
2024-01-24 18:42:46 DEBUG UpdateProducerImpl:20 - /help
2024-01-24 18:42:59 DEBUG UpdateProducerImpl:20 - /registration
2024-01-24 18:43:01 DEBUG UpdateProducerImpl:20 - /cancel
2024-01-24 18:44:04 DEBUG UpdateProducerImpl:20 - /start
2024-01-24 18:44:07 DEBUG UpdateProducerImpl:20 - /help
